# JRE version: OpenJDK Runtime Environment (17.0.6) (build 17.0.6+0-b2043.56-9586694)
# Java VM: OpenJDK 64-Bit Server VM (17.0.6+0-b2043.56-9586694, mixed mode, tiered, compressed oops, compressed class ptrs, g1 gc, windows-amd64)
GC Precious Log:
 CPUs: 6 total, 6 available
 Memory: 16210M
 Large Page Support: Disabled
 NUMA Support: Disabled
 Compressed Oops: Enabled (32-bit)
 Heap Region Size: 1M
 Heap Min Capacity: 8M
 Heap Initial Capacity: 254M
 Heap Max Capacity: 2G
 Pre-touch: Disabled
 Parallel Workers: 6
 Concurrent Workers: 2
 Concurrent Refinement Workers: 6
 Periodic GC: Disabled
Heap:
 garbage-first heap   total 337920K, used 227693K [0x0000000080000000, 0x0000000100000000)
  region size 1024K, 13 young (13312K), 6 survivors (6144K)
 Metaspace       used 175143K, committed 177536K, reserved 1204224K
  class space    used 22982K, committed 24128K, reserved 1048576K
GC Heap History (20 events):
Event: 14992.578 GC heap before
{Heap before GC invocations=103 (full 2):
 garbage-first heap   total 352256K, used 293133K [0x0000000080000000, 0x0000000100000000)
  region size 1024K, 32 young (32768K), 1 survivors (1024K)
 Metaspace       used 157216K, committed 159360K, reserved 1187840K
  class space    used 20656K, committed 21696K, reserved 1048576K
}
Event: 14992.713 GC heap after
{Heap after GC invocations=104 (full 3):
 garbage-first heap   total 337920K, used 98638K [0x0000000080000000, 0x0000000100000000)
  region size 1024K, 0 young (0K), 0 survivors (0K)
 Metaspace       used 157194K, committed 159360K, reserved 1187840K
  class space    used 20651K, committed 21696K, reserved 1048576K
}
Event: 17863.237 GC heap before
{Heap before GC invocations=104 (full 3):
 garbage-first heap   total 337920K, used 223566K [0x0000000080000000, 0x0000000100000000)
  region size 1024K, 121 young (123904K), 0 survivors (0K)
 Metaspace       used 157304K, committed 159424K, reserved 1187840K
  class space    used 20656K, committed 21696K, reserved 1048576K
}
Event: 17863.258 GC heap after
{Heap after GC invocations=105 (full 3):
 garbage-first heap   total 337920K, used 121563K [0x0000000080000000, 0x0000000100000000)
  region size 1024K, 16 young (16384K), 16 survivors (16384K)
 Metaspace       used 157304K, committed 159424K, reserved 1187840K
  class space    used 20656K, committed 21696K, reserved 1048576K
}
Event: 17863.592 GC heap before
{Heap before GC invocations=105 (full 3):
 garbage-first heap   total 337920K, used 251611K [0x0000000080000000, 0x0000000100000000)
  region size 1024K, 121 young (123904K), 16 survivors (16384K)
 Metaspace       used 157409K, committed 159616K, reserved 1187840K
  class space    used 20657K, committed 21696K, reserved 1048576K
}
Event: 17863.610 GC heap after
{Heap after GC invocations=106 (full 3):
 garbage-first heap   total 337920K, used 135702K [0x0000000080000000, 0x0000000100000000)
  region size 1024K, 14 young (14336K), 14 survivors (14336K)
 Metaspace       used 157409K, committed 159616K, reserved 1187840K
  class space    used 20657K, committed 21696K, reserved 1048576K
}
Event: 17865.501 GC heap before
{Heap before GC invocations=106 (full 3):
 garbage-first heap   total 337920K, used 238102K [0x0000000080000000, 0x0000000100000000)
  region size 1024K, 115 young (117760K), 14 survivors (14336K)
 Metaspace       used 157424K, committed 159616K, reserved 1187840K
  class space    used 20657K, committed 21696K, reserved 1048576K
}
Event: 17865.506 GC heap after
{Heap after GC invocations=107 (full 3):
 garbage-first heap   total 337920K, used 131671K [0x0000000080000000, 0x0000000100000000)
  region size 1024K, 5 young (5120K), 5 survivors (5120K)
 Metaspace       used 157424K, committed 159616K, reserved 1187840K
  class space    used 20657K, committed 21696K, reserved 1048576K
}
Event: 17874.936 GC heap before
{Heap before GC invocations=107 (full 3):
 garbage-first heap   total 337920K, used 244311K [0x0000000080000000, 0x0000000100000000)
  region size 1024K, 116 young (118784K), 5 survivors (5120K)
 Metaspace       used 157588K, committed 159744K, reserved 1187840K
  class space    used 20678K, committed 21696K, reserved 1048576K
}
Event: 17874.944 GC heap after
{Heap after GC invocations=108 (full 3):
 garbage-first heap   total 337920K, used 139637K [0x0000000080000000, 0x0000000100000000)
  region size 1024K, 13 young (13312K), 13 survivors (13312K)
 Metaspace       used 157588K, committed 159744K, reserved 1187840K
  class space    used 20678K, committed 21696K, reserved 1048576K
}
Event: 17875.181 GC heap before
{Heap before GC invocations=108 (full 3):
 garbage-first heap   total 337920K, used 253301K [0x0000000080000000, 0x0000000100000000)
  region size 1024K, 122 young (124928K), 13 survivors (13312K)
 Metaspace       used 157698K, committed 159808K, reserved 1187840K
  class space    used 20678K, committed 21696K, reserved 1048576K
}
Event: 17875.190 GC heap after
{Heap after GC invocations=109 (full 3):
 garbage-first heap   total 337920K, used 145242K [0x0000000080000000, 0x0000000100000000)
  region size 1024K, 6 young (6144K), 6 survivors (6144K)
 Metaspace       used 157698K, committed 159808K, reserved 1187840K
  class space    used 20678K, committed 21696K, reserved 1048576K
}
Event: 18592.715 GC heap before
{Heap before GC invocations=109 (full 3):
 garbage-first heap   total 337920K, used 207706K [0x0000000080000000, 0x0000000100000000)
  region size 1024K, 41 young (41984K), 6 survivors (6144K)
 Metaspace       used 157726K, committed 159872K, reserved 1187840K
  class space    used 20683K, committed 21696K, reserved 1048576K
}
Event: 18592.831 GC heap after
{Heap after GC invocations=110 (full 4):
 garbage-first heap   total 337920K, used 98812K [0x0000000080000000, 0x0000000100000000)
  region size 1024K, 0 young (0K), 0 survivors (0K)
 Metaspace       used 157709K, committed 159872K, reserved 1187840K
  class space    used 20678K, committed 21696K, reserved 1048576K
}
Event: 20838.370 GC heap before
{Heap before GC invocations=110 (full 4):
 garbage-first heap   total 337920K, used 305660K [0x0000000080000000, 0x0000000100000000)
  region size 1024K, 142 young (145408K), 0 survivors (0K)
 Metaspace       used 165650K, committed 167936K, reserved 1196032K
  class space    used 21820K, committed 22912K, reserved 1048576K
}
Event: 20838.397 GC heap after
{Heap after GC invocations=111 (full 4):
 garbage-first heap   total 337920K, used 180684K [0x0000000080000000, 0x0000000100000000)
  region size 1024K, 18 young (18432K), 18 survivors (18432K)
 Metaspace       used 165650K, committed 167936K, reserved 1196032K
  class space    used 21820K, committed 22912K, reserved 1048576K
}
Event: 20839.742 GC heap before
{Heap before GC invocations=111 (full 4):
 garbage-first heap   total 337920K, used 291276K [0x0000000080000000, 0x0000000100000000)
  region size 1024K, 102 young (104448K), 18 survivors (18432K)
 Metaspace       used 173126K, committed 175488K, reserved 1204224K
  class space    used 22694K, committed 23808K, reserved 1048576K
}
Event: 20839.752 GC heap after
{Heap after GC invocations=112 (full 4):
 garbage-first heap   total 337920K, used 215730K [0x0000000080000000, 0x0000000100000000)
  region size 1024K, 11 young (11264K), 11 survivors (11264K)
 Metaspace       used 173126K, committed 175488K, reserved 1204224K
  class space    used 22694K, committed 23808K, reserved 1048576K
}
Event: 20840.165 GC heap before
{Heap before GC invocations=112 (full 4):
 garbage-first heap   total 337920K, used 276146K [0x0000000080000000, 0x0000000100000000)
  region size 1024K, 71 young (72704K), 11 survivors (11264K)
 Metaspace       used 174853K, committed 177216K, reserved 1204224K
  class space    used 22938K, committed 24064K, reserved 1048576K
}
Event: 20840.176 GC heap after
{Heap after GC invocations=113 (full 4):
 garbage-first heap   total 337920K, used 221549K [0x0000000080000000, 0x0000000100000000)
  region size 1024K, 6 young (6144K), 6 survivors (6144K)
 Metaspace       used 174853K, committed 177216K, reserved 1204224K
  class space    used 22938K, committed 24064K, reserved 1048576K
}

